2023-02-18 14:25:03 [restartedMain] INFO  c.z.z.ZeninventoryApplication - Starting ZeninventoryApplication using Java 18.0.2.1 on LAPTOP-G3PDFQL1 with PID 27864 (C:\Users\Z\Documents\LeonWorkspace\zeninventory\target\classes started by Z in C:\Users\Z\Documents\LeonWorkspace\zeninventory)
2023-02-18 14:25:03 [restartedMain] INFO  c.z.z.ZeninventoryApplication - No active profile set, falling back to 1 default profile: "default"
2023-02-18 14:25:03 [restartedMain] INFO  o.s.b.d.e.DevToolsPropertyDefaultsPostProcessor - Devtools property defaults active! Set 'spring.devtools.add-properties' to 'false' to disable
2023-02-18 14:25:03 [restartedMain] INFO  o.s.b.d.e.DevToolsPropertyDefaultsPostProcessor - For additional web related logging consider setting the 'logging.level.web' property to 'DEBUG'
2023-02-18 14:25:04 [restartedMain] INFO  o.s.d.r.c.RepositoryConfigurationDelegate - Bootstrapping Spring Data JPA repositories in DEFAULT mode.
2023-02-18 14:25:04 [restartedMain] INFO  o.s.d.r.c.RepositoryConfigurationDelegate - Finished Spring Data repository scanning in 95 ms. Found 6 JPA repository interfaces.
2023-02-18 14:25:05 [restartedMain] INFO  o.s.b.w.e.tomcat.TomcatWebServer - Tomcat initialized with port(s): 8080 (http)
2023-02-18 14:25:05 [restartedMain] INFO  o.a.catalina.core.StandardService - Starting service [Tomcat]
2023-02-18 14:25:05 [restartedMain] INFO  o.a.catalina.core.StandardEngine - Starting Servlet engine: [Apache Tomcat/9.0.65]
2023-02-18 14:25:05 [restartedMain] INFO  o.a.c.c.C.[Tomcat].[localhost].[/] - Initializing Spring embedded WebApplicationContext
2023-02-18 14:25:05 [restartedMain] INFO  o.s.b.w.s.c.ServletWebServerApplicationContext - Root WebApplicationContext: initialization completed in 2066 ms
2023-02-18 14:25:05 [restartedMain] INFO  com.zaxxer.hikari.HikariDataSource - HikariPool-1 - Starting...
2023-02-18 14:25:05 [restartedMain] INFO  com.zaxxer.hikari.HikariDataSource - HikariPool-1 - Start completed.
2023-02-18 14:25:06 [restartedMain] INFO  o.s.b.a.h.H2ConsoleAutoConfiguration - H2 console available at '/h2-console'. Database available at 'jdbc:mariadb://localhost/zeninventory?user=user1&password=***'
2023-02-18 14:25:06 [restartedMain] INFO  o.h.jpa.internal.util.LogHelper - HHH000204: Processing PersistenceUnitInfo [name: default]
2023-02-18 14:25:06 [restartedMain] INFO  org.hibernate.Version - HHH000412: Hibernate ORM core version 5.6.11.Final
2023-02-18 14:25:06 [restartedMain] INFO  o.h.annotations.common.Version - HCANN000001: Hibernate Commons Annotations {5.1.2.Final}
2023-02-18 14:25:06 [restartedMain] INFO  org.hibernate.dialect.Dialect - HHH000400: Using dialect: org.hibernate.dialect.MySQL5Dialect
2023-02-18 14:25:07 [restartedMain] INFO  o.h.e.t.j.p.i.JtaPlatformInitiator - HHH000490: Using JtaPlatform implementation: [org.hibernate.engine.transaction.jta.platform.internal.NoJtaPlatform]
2023-02-18 14:25:07 [restartedMain] INFO  o.s.o.j.LocalContainerEntityManagerFactoryBean - Initialized JPA EntityManagerFactory for persistence unit 'default'
2023-02-18 14:25:08 [restartedMain] INFO  o.s.s.web.DefaultSecurityFilterChain - Will secure any request with [org.springframework.security.web.session.DisableEncodeUrlFilter@3ccda354, org.springframework.security.web.context.request.async.WebAsyncManagerIntegrationFilter@10b85f47, org.springframework.security.web.context.SecurityContextPersistenceFilter@9a3804b, org.springframework.security.web.header.HeaderWriterFilter@28825215, org.springframework.security.web.authentication.logout.LogoutFilter@6a8b252c, org.springframework.security.web.authentication.UsernamePasswordAuthenticationFilter@5905c163, org.springframework.security.web.savedrequest.RequestCacheAwareFilter@30b5a199, org.springframework.security.web.servletapi.SecurityContextHolderAwareRequestFilter@41d34c61, org.springframework.security.web.authentication.AnonymousAuthenticationFilter@452a090f, org.springframework.security.web.session.SessionManagementFilter@2e33660a, org.springframework.security.web.access.ExceptionTranslationFilter@76d6ace7, org.springframework.security.web.access.intercept.FilterSecurityInterceptor@36715354]
2023-02-18 14:25:08 [restartedMain] WARN  o.s.b.a.o.j.JpaBaseConfiguration$JpaWebConfiguration - spring.jpa.open-in-view is enabled by default. Therefore, database queries may be performed during view rendering. Explicitly configure spring.jpa.open-in-view to disable this warning
2023-02-18 14:25:08 [restartedMain] INFO  o.s.b.a.w.s.WelcomePageHandlerMapping - Adding welcome page template: index
2023-02-18 14:25:08 [restartedMain] INFO  o.s.b.d.a.OptionalLiveReloadServer - LiveReload server is running on port 35729
2023-02-18 14:25:08 [restartedMain] INFO  o.s.b.a.e.web.EndpointLinksResolver - Exposing 1 endpoint(s) beneath base path '/actuator'
2023-02-18 14:25:08 [restartedMain] INFO  o.s.b.w.e.tomcat.TomcatWebServer - Tomcat started on port(s): 8080 (http) with context path ''
2023-02-18 14:25:08 [restartedMain] INFO  c.z.z.ZeninventoryApplication - Started ZeninventoryApplication in 5.81 seconds (JVM running for 6.422)
2023-02-18 14:25:54 [http-nio-8080-exec-1] INFO  o.a.c.c.C.[Tomcat].[localhost].[/] - Initializing Spring DispatcherServlet 'dispatcherServlet'
2023-02-18 14:25:54 [http-nio-8080-exec-1] INFO  o.s.web.servlet.DispatcherServlet - Initializing Servlet 'dispatcherServlet'
2023-02-18 14:25:54 [http-nio-8080-exec-1] INFO  o.s.web.servlet.DispatcherServlet - Completed initialization in 3 ms
2023-02-18 16:58:48 [SpringApplicationShutdownHook] INFO  o.s.o.j.LocalContainerEntityManagerFactoryBean - Closing JPA EntityManagerFactory for persistence unit 'default'
2023-02-18 16:58:48 [SpringApplicationShutdownHook] INFO  com.zaxxer.hikari.HikariDataSource - HikariPool-1 - Shutdown initiated...
2023-02-18 16:58:48 [SpringApplicationShutdownHook] INFO  com.zaxxer.hikari.HikariDataSource - HikariPool-1 - Shutdown completed.
